
<2025-04-08 18:10:05><swsds><153357188d><Error>[0x01000802]ReceiveResponse_SSL->nReturnValue(net.c:1423)
<2025-04-08 18:10:05><swsds><153357188d><Error>[0x00000000]ReceiveResponse_SSL->nServiceNo(net.c:1424)
<2025-04-08 18:10:05><swsds><153357188d><Error>[0x00000000]ServerError->10.0.118.176(net.c:1747)
<2025-04-08 18:10:05><swsds><153357188d><Error>[0x01000802]SocketCommunication->ReceiveResponse(net.c:1752)
<2025-04-08 18:10:05><swsds><153357188d><Error>[0x00000068]SocketCommunication->ReceiveResponse unReqParasLen(net.c:1757)
<2025-04-08 18:10:05><swsds><153357188d><Error>[0x01000802]SocketCommunication->return(net.c:2047)
<2025-04-08 18:10:05><swsds><153357188d><Error>[0x01000802]SDF_Encrypt->SocketCommunication(sdf.c:9089)
<2025-04-08 18:10:05><swsds><153357188d><Error>[0x00000104]SDF_Encrypt->uiAlgID(sdf.c:9090)
<2025-04-08 18:10:05><swsds><153357188d><Error>[0x00000000]SDF_Encrypt->nKeyType(sdf.c:9091)
<2025-04-08 18:10:05><swsds><153357188d><Error>[0x00000020]SDF_Encrypt->nLength(sdf.c:9092)
<2025-04-08 18:15:33><swsds><1100485652d><Error>[0x01000802]ReceiveResponse_SSL->nReturnValue(net.c:1423)
<2025-04-08 18:15:33><swsds><1100485652d><Error>[0x00000000]ReceiveResponse_SSL->nServiceNo(net.c:1424)
<2025-04-08 18:15:33><swsds><1100485652d><Error>[0x00000000]ServerError->10.0.118.176(net.c:1747)
<2025-04-08 18:15:33><swsds><1100485652d><Error>[0x01000802]SocketCommunication->ReceiveResponse(net.c:1752)
<2025-04-08 18:15:33><swsds><1100485652d><Error>[0x00000058]SocketCommunication->ReceiveResponse unReqParasLen(net.c:1757)
<2025-04-08 18:15:33><swsds><1100485652d><Error>[0x01000802]SocketCommunication->return(net.c:2047)
<2025-04-08 18:15:33><swsds><1100485652d><Error>[0x01000802]SDF_Encrypt->SocketCommunication(sdf.c:9089)
<2025-04-08 18:15:33><swsds><1100485652d><Error>[0x00002001]SDF_Encrypt->uiAlgID(sdf.c:9090)
<2025-04-08 18:15:33><swsds><1100485652d><Error>[0x00000000]SDF_Encrypt->nKeyType(sdf.c:9091)
<2025-04-08 18:15:33><swsds><1100485652d><Error>[0x00000020]SDF_Encrypt->nLength(sdf.c:9092)